{"/home/runner/AdaCoin-Blockchain-Working-Version-v6/adacoin/src/main.js": {"path":"/home/runner/AdaCoin-Blockchain-Working-Version-v6/adacoin/src/main.js","statementMap":{"0":{"start":{"line":1,"column":15},"end":{"line":1,"column":42}},"1":{"start":{"line":2,"column":23},"end":{"line":2,"column":38}},"2":{"start":{"line":4,"column":11},"end":{"line":4,"column":24}},"3":{"start":{"line":5,"column":12},"end":{"line":5,"column":67}},"4":{"start":{"line":9,"column":22},"end":{"line":16,"column":1}},"5":{"start":{"line":21,"column":4},"end":{"line":21,"column":27}},"6":{"start":{"line":22,"column":4},"end":{"line":22,"column":26}},"7":{"start":{"line":23,"column":4},"end":{"line":23,"column":44}},"8":{"start":{"line":24,"column":4},"end":{"line":24,"column":28}},"9":{"start":{"line":32,"column":4},"end":{"line":32,"column":27}},"10":{"start":{"line":36,"column":16},"end":{"line":36,"column":110}},"11":{"start":{"line":39,"column":4},"end":{"line":42,"column":5}},"12":{"start":{"line":40,"column":6},"end":{"line":40,"column":97}},"13":{"start":{"line":41,"column":6},"end":{"line":41,"column":62}},"14":{"start":{"line":43,"column":4},"end":{"line":43,"column":16}},"15":{"start":{"line":48,"column":4},"end":{"line":49,"column":73}},"16":{"start":{"line":48,"column":10},"end":{"line":48,"column":36}},"17":{"start":{"line":49,"column":15},"end":{"line":49,"column":71}},"18":{"start":{"line":51,"column":13},"end":{"line":51,"column":53}},"19":{"start":{"line":52,"column":4},"end":{"line":52,"column":43}},"20":{"start":{"line":57,"column":24},"end":{"line":71,"column":1}},"21":{"start":{"line":68,"column":28},"end":{"line":68,"column":42}},"22":{"start":{"line":69,"column":2},"end":{"line":69,"column":52}},"23":{"start":{"line":69,"column":40},"end":{"line":69,"column":52}},"24":{"start":{"line":70,"column":2},"end":{"line":70,"column":15}},"25":{"start":{"line":76,"column":4},"end":{"line":76,"column":17}},"26":{"start":{"line":77,"column":4},"end":{"line":77,"column":35}},"27":{"start":{"line":78,"column":4},"end":{"line":78,"column":20}},"28":{"start":{"line":81,"column":4},"end":{"line":81,"column":37}},"29":{"start":{"line":82,"column":4},"end":{"line":82,"column":71}},"30":{"start":{"line":86,"column":4},"end":{"line":86,"column":88}},"31":{"start":{"line":89,"column":16},"end":{"line":89,"column":35}},"32":{"start":{"line":90,"column":20},"end":{"line":90,"column":39}},"33":{"start":{"line":93,"column":4},"end":{"line":93,"column":32}},"34":{"start":{"line":97,"column":4},"end":{"line":97,"column":55}},"35":{"start":{"line":97,"column":46},"end":{"line":97,"column":55}},"36":{"start":{"line":98,"column":4},"end":{"line":98,"column":43}},"37":{"start":{"line":102,"column":4},"end":{"line":102,"column":54}},"38":{"start":{"line":102,"column":45},"end":{"line":102,"column":54}},"39":{"start":{"line":103,"column":4},"end":{"line":103,"column":42}},"40":{"start":{"line":107,"column":13},"end":{"line":107,"column":21}},"41":{"start":{"line":108,"column":4},"end":{"line":108,"column":46}},"42":{"start":{"line":108,"column":33},"end":{"line":108,"column":46}},"43":{"start":{"line":109,"column":4},"end":{"line":109,"column":47}},"44":{"start":{"line":109,"column":34},"end":{"line":109,"column":47}},"45":{"start":{"line":110,"column":4},"end":{"line":110,"column":49}},"46":{"start":{"line":110,"column":36},"end":{"line":110,"column":49}},"47":{"start":{"line":111,"column":4},"end":{"line":111,"column":16}},"48":{"start":{"line":116,"column":4},"end":{"line":119,"column":5}},"49":{"start":{"line":117,"column":6},"end":{"line":117,"column":81}},"50":{"start":{"line":118,"column":6},"end":{"line":118,"column":73}},"51":{"start":{"line":121,"column":4},"end":{"line":124,"column":5}},"52":{"start":{"line":122,"column":6},"end":{"line":122,"column":91}},"53":{"start":{"line":123,"column":6},"end":{"line":123,"column":61}},"54":{"start":{"line":126,"column":4},"end":{"line":131,"column":5}},"55":{"start":{"line":127,"column":6},"end":{"line":130,"column":7}},"56":{"start":{"line":128,"column":8},"end":{"line":128,"column":125}},"57":{"start":{"line":129,"column":8},"end":{"line":129,"column":90}},"58":{"start":{"line":133,"column":4},"end":{"line":138,"column":5}},"59":{"start":{"line":134,"column":6},"end":{"line":137,"column":7}},"60":{"start":{"line":135,"column":8},"end":{"line":135,"column":123}},"61":{"start":{"line":136,"column":8},"end":{"line":136,"column":88}},"62":{"start":{"line":140,"column":4},"end":{"line":140,"column":16}},"63":{"start":{"line":147,"column":4},"end":{"line":147,"column":41}},"64":{"start":{"line":151,"column":4},"end":{"line":151,"column":50}},"65":{"start":{"line":155,"column":4},"end":{"line":155,"column":45}},"66":{"start":{"line":160,"column":17},"end":{"line":160,"column":18}},"67":{"start":{"line":160,"column":28},"end":{"line":160,"column":29}},"68":{"start":{"line":161,"column":4},"end":{"line":164,"column":5}},"69":{"start":{"line":162,"column":6},"end":{"line":162,"column":30}},"70":{"start":{"line":163,"column":6},"end":{"line":163,"column":28}},"71":{"start":{"line":166,"column":17},"end":{"line":166,"column":110}},"72":{"start":{"line":167,"column":4},"end":{"line":167,"column":58}},"73":{"start":{"line":168,"column":4},"end":{"line":168,"column":18}},"74":{"start":{"line":175,"column":4},"end":{"line":179,"column":5}},"75":{"start":{"line":175,"column":10},"end":{"line":175,"column":38}},"76":{"start":{"line":177,"column":6},"end":{"line":177,"column":106}},"77":{"start":{"line":178,"column":6},"end":{"line":178,"column":19}},"78":{"start":{"line":181,"column":4},"end":{"line":185,"column":5}},"79":{"start":{"line":181,"column":10},"end":{"line":181,"column":36}},"80":{"start":{"line":183,"column":6},"end":{"line":183,"column":104}},"81":{"start":{"line":184,"column":6},"end":{"line":184,"column":19}},"82":{"start":{"line":187,"column":4},"end":{"line":187,"column":43}},"83":{"start":{"line":188,"column":4},"end":{"line":188,"column":45}},"84":{"start":{"line":191,"column":4},"end":{"line":194,"column":5}},"85":{"start":{"line":192,"column":6},"end":{"line":192,"column":118}},"86":{"start":{"line":193,"column":6},"end":{"line":193,"column":83}},"87":{"start":{"line":203,"column":4},"end":{"line":203,"column":16}},"88":{"start":{"line":209,"column":4},"end":{"line":222,"column":5}},"89":{"start":{"line":209,"column":17},"end":{"line":209,"column":18}},"90":{"start":{"line":210,"column":22},"end":{"line":210,"column":37}},"91":{"start":{"line":211,"column":23},"end":{"line":211,"column":42}},"92":{"start":{"line":214,"column":6},"end":{"line":216,"column":7}},"93":{"start":{"line":215,"column":8},"end":{"line":215,"column":21}},"94":{"start":{"line":219,"column":6},"end":{"line":221,"column":7}},"95":{"start":{"line":220,"column":8},"end":{"line":220,"column":21}},"96":{"start":{"line":225,"column":4},"end":{"line":225,"column":16}},"97":{"start":{"line":260,"column":0},"end":{"line":260,"column":80}}},"fnMap":{"0":{"name":"(anonymous_0)","decl":{"start":{"line":20,"column":2},"end":{"line":20,"column":3}},"loc":{"start":{"line":20,"column":36},"end":{"line":25,"column":3}},"line":20},"1":{"name":"(anonymous_1)","decl":{"start":{"line":31,"column":2},"end":{"line":31,"column":3}},"loc":{"start":{"line":31,"column":16},"end":{"line":33,"column":3}},"line":31},"2":{"name":"(anonymous_2)","decl":{"start":{"line":36,"column":2},"end":{"line":36,"column":3}},"loc":{"start":{"line":36,"column":14},"end":{"line":36,"column":112}},"line":36},"3":{"name":"(anonymous_3)","decl":{"start":{"line":38,"column":2},"end":{"line":38,"column":3}},"loc":{"start":{"line":38,"column":23},"end":{"line":44,"column":3}},"line":38},"4":{"name":"(anonymous_4)","decl":{"start":{"line":46,"column":2},"end":{"line":46,"column":3}},"loc":{"start":{"line":46,"column":21},"end":{"line":53,"column":3}},"line":46},"5":{"name":"(anonymous_5)","decl":{"start":{"line":57,"column":24},"end":{"line":57,"column":25}},"loc":{"start":{"line":57,"column":35},"end":{"line":71,"column":1}},"line":57},"6":{"name":"(anonymous_6)","decl":{"start":{"line":75,"column":2},"end":{"line":75,"column":3}},"loc":{"start":{"line":75,"column":31},"end":{"line":83,"column":3}},"line":75},"7":{"name":"(anonymous_7)","decl":{"start":{"line":85,"column":2},"end":{"line":85,"column":3}},"loc":{"start":{"line":85,"column":18},"end":{"line":87,"column":3}},"line":85},"8":{"name":"(anonymous_8)","decl":{"start":{"line":89,"column":2},"end":{"line":89,"column":3}},"loc":{"start":{"line":89,"column":14},"end":{"line":89,"column":37}},"line":89},"9":{"name":"(anonymous_9)","decl":{"start":{"line":90,"column":2},"end":{"line":90,"column":3}},"loc":{"start":{"line":90,"column":18},"end":{"line":90,"column":41}},"line":90},"10":{"name":"(anonymous_10)","decl":{"start":{"line":92,"column":2},"end":{"line":92,"column":3}},"loc":{"start":{"line":92,"column":12},"end":{"line":94,"column":3}},"line":92},"11":{"name":"(anonymous_11)","decl":{"start":{"line":96,"column":2},"end":{"line":96,"column":3}},"loc":{"start":{"line":96,"column":20},"end":{"line":99,"column":3}},"line":96},"12":{"name":"(anonymous_12)","decl":{"start":{"line":101,"column":2},"end":{"line":101,"column":3}},"loc":{"start":{"line":101,"column":19},"end":{"line":104,"column":3}},"line":101},"13":{"name":"(anonymous_13)","decl":{"start":{"line":106,"column":2},"end":{"line":106,"column":3}},"loc":{"start":{"line":106,"column":19},"end":{"line":112,"column":3}},"line":106},"14":{"name":"(anonymous_14)","decl":{"start":{"line":114,"column":2},"end":{"line":114,"column":3}},"loc":{"start":{"line":114,"column":21},"end":{"line":141,"column":3}},"line":114},"15":{"name":"(anonymous_15)","decl":{"start":{"line":146,"column":2},"end":{"line":146,"column":3}},"loc":{"start":{"line":146,"column":16},"end":{"line":148,"column":3}},"line":146},"16":{"name":"(anonymous_16)","decl":{"start":{"line":150,"column":2},"end":{"line":150,"column":3}},"loc":{"start":{"line":150,"column":17},"end":{"line":152,"column":3}},"line":150},"17":{"name":"(anonymous_17)","decl":{"start":{"line":154,"column":2},"end":{"line":154,"column":3}},"loc":{"start":{"line":154,"column":14},"end":{"line":156,"column":3}},"line":154},"18":{"name":"(anonymous_18)","decl":{"start":{"line":158,"column":2},"end":{"line":158,"column":3}},"loc":{"start":{"line":158,"column":12},"end":{"line":169,"column":3}},"line":158},"19":{"name":"(anonymous_19)","decl":{"start":{"line":171,"column":2},"end":{"line":171,"column":3}},"loc":{"start":{"line":171,"column":12},"end":{"line":172,"column":3}},"line":171},"20":{"name":"(anonymous_20)","decl":{"start":{"line":174,"column":2},"end":{"line":174,"column":3}},"loc":{"start":{"line":174,"column":21},"end":{"line":205,"column":3}},"line":174},"21":{"name":"(anonymous_21)","decl":{"start":{"line":207,"column":2},"end":{"line":207,"column":3}},"loc":{"start":{"line":207,"column":12},"end":{"line":226,"column":3}},"line":207}},"branchMap":{"0":{"loc":{"start":{"line":39,"column":4},"end":{"line":42,"column":5}},"type":"if","locations":[{"start":{"line":39,"column":4},"end":{"line":42,"column":5}},{"start":{},"end":{}}],"line":39},"1":{"loc":{"start":{"line":69,"column":2},"end":{"line":69,"column":52}},"type":"if","locations":[{"start":{"line":69,"column":2},"end":{"line":69,"column":52}},{"start":{},"end":{}}],"line":69},"2":{"loc":{"start":{"line":97,"column":4},"end":{"line":97,"column":55}},"type":"if","locations":[{"start":{"line":97,"column":4},"end":{"line":97,"column":55}},{"start":{},"end":{}}],"line":97},"3":{"loc":{"start":{"line":102,"column":4},"end":{"line":102,"column":54}},"type":"if","locations":[{"start":{"line":102,"column":4},"end":{"line":102,"column":54}},{"start":{},"end":{}}],"line":102},"4":{"loc":{"start":{"line":108,"column":4},"end":{"line":108,"column":46}},"type":"if","locations":[{"start":{"line":108,"column":4},"end":{"line":108,"column":46}},{"start":{},"end":{}}],"line":108},"5":{"loc":{"start":{"line":109,"column":4},"end":{"line":109,"column":47}},"type":"if","locations":[{"start":{"line":109,"column":4},"end":{"line":109,"column":47}},{"start":{},"end":{}}],"line":109},"6":{"loc":{"start":{"line":110,"column":4},"end":{"line":110,"column":49}},"type":"if","locations":[{"start":{"line":110,"column":4},"end":{"line":110,"column":49}},{"start":{},"end":{}}],"line":110},"7":{"loc":{"start":{"line":116,"column":4},"end":{"line":119,"column":5}},"type":"if","locations":[{"start":{"line":116,"column":4},"end":{"line":119,"column":5}},{"start":{},"end":{}}],"line":116},"8":{"loc":{"start":{"line":121,"column":4},"end":{"line":124,"column":5}},"type":"if","locations":[{"start":{"line":121,"column":4},"end":{"line":124,"column":5}},{"start":{},"end":{}}],"line":121},"9":{"loc":{"start":{"line":121,"column":9},"end":{"line":121,"column":94}},"type":"binary-expr","locations":[{"start":{"line":121,"column":9},"end":{"line":121,"column":50}},{"start":{"line":121,"column":54},"end":{"line":121,"column":94}}],"line":121},"10":{"loc":{"start":{"line":126,"column":4},"end":{"line":131,"column":5}},"type":"if","locations":[{"start":{"line":126,"column":4},"end":{"line":131,"column":5}},{"start":{},"end":{}}],"line":126},"11":{"loc":{"start":{"line":127,"column":6},"end":{"line":130,"column":7}},"type":"if","locations":[{"start":{"line":127,"column":6},"end":{"line":130,"column":7}},{"start":{},"end":{}}],"line":127},"12":{"loc":{"start":{"line":133,"column":4},"end":{"line":138,"column":5}},"type":"if","locations":[{"start":{"line":133,"column":4},"end":{"line":138,"column":5}},{"start":{},"end":{}}],"line":133},"13":{"loc":{"start":{"line":134,"column":6},"end":{"line":137,"column":7}},"type":"if","locations":[{"start":{"line":134,"column":6},"end":{"line":137,"column":7}},{"start":{},"end":{}}],"line":134},"14":{"loc":{"start":{"line":191,"column":4},"end":{"line":194,"column":5}},"type":"if","locations":[{"start":{"line":191,"column":4},"end":{"line":194,"column":5}},{"start":{},"end":{}}],"line":191},"15":{"loc":{"start":{"line":214,"column":6},"end":{"line":216,"column":7}},"type":"if","locations":[{"start":{"line":214,"column":6},"end":{"line":216,"column":7}},{"start":{},"end":{}}],"line":214},"16":{"loc":{"start":{"line":219,"column":6},"end":{"line":221,"column":7}},"type":"if","locations":[{"start":{"line":219,"column":6},"end":{"line":221,"column":7}},{"start":{},"end":{}}],"line":219}},"s":{"0":1,"1":1,"2":1,"3":1,"4":1,"5":0,"6":0,"7":0,"8":0,"9":1,"10":2,"11":3,"12":0,"13":0,"14":3,"15":2,"16":2,"17":0,"18":2,"19":2,"20":1,"21":1,"22":1,"23":1,"24":0,"25":2,"26":2,"27":2,"28":2,"29":2,"30":2,"31":2,"32":0,"33":1,"34":2,"35":1,"36":1,"37":2,"38":2,"39":0,"40":1,"41":1,"42":0,"43":1,"44":0,"45":1,"46":0,"47":1,"48":1,"49":0,"50":0,"51":1,"52":0,"53":0,"54":1,"55":1,"56":0,"57":0,"58":1,"59":0,"60":0,"61":0,"62":1,"63":1,"64":1,"65":0,"66":1,"67":1,"68":1,"69":1,"70":1,"71":1,"72":1,"73":1,"74":0,"75":0,"76":0,"77":0,"78":0,"79":0,"80":0,"81":0,"82":0,"83":0,"84":0,"85":0,"86":0,"87":0,"88":1,"89":1,"90":0,"91":0,"92":0,"93":0,"94":0,"95":0,"96":1,"97":1},"f":{"0":0,"1":1,"2":2,"3":3,"4":2,"5":1,"6":2,"7":2,"8":2,"9":0,"10":1,"11":2,"12":2,"13":1,"14":1,"15":1,"16":1,"17":0,"18":1,"19":0,"20":0,"21":1},"b":{"0":[0,3],"1":[1,0],"2":[1,1],"3":[2,0],"4":[0,1],"5":[0,1],"6":[0,1],"7":[0,1],"8":[0,1],"9":[1,0],"10":[1,0],"11":[0,1],"12":[0,1],"13":[0,0],"14":[0,0],"15":[0,0],"16":[0,0]},"_coverageSchema":"1a1c01bbd47fc00a2c39e90264f33305004495a9","hash":"8ce1fd9f7ac5987229286fb40eb883d59128d732"}
}
