TN:
SF:adacoin/src/main.js
FN:20,(anonymous_0)
FN:31,(anonymous_1)
FN:36,(anonymous_2)
FN:38,(anonymous_3)
FN:46,(anonymous_4)
FN:57,(anonymous_5)
FN:75,(anonymous_6)
FN:85,(anonymous_7)
FN:89,(anonymous_8)
FN:90,(anonymous_9)
FN:92,(anonymous_10)
FN:96,(anonymous_11)
FN:101,(anonymous_12)
FN:106,(anonymous_13)
FN:114,(anonymous_14)
FN:146,(anonymous_15)
FN:150,(anonymous_16)
FN:154,(anonymous_17)
FN:158,(anonymous_18)
FN:171,(anonymous_19)
FN:174,(anonymous_20)
FN:207,(anonymous_21)
FNF:22
FNH:17
FNDA:0,(anonymous_0)
FNDA:1,(anonymous_1)
FNDA:2,(anonymous_2)
FNDA:3,(anonymous_3)
FNDA:2,(anonymous_4)
FNDA:1,(anonymous_5)
FNDA:2,(anonymous_6)
FNDA:2,(anonymous_7)
FNDA:2,(anonymous_8)
FNDA:0,(anonymous_9)
FNDA:1,(anonymous_10)
FNDA:2,(anonymous_11)
FNDA:2,(anonymous_12)
FNDA:1,(anonymous_13)
FNDA:1,(anonymous_14)
FNDA:1,(anonymous_15)
FNDA:1,(anonymous_16)
FNDA:0,(anonymous_17)
FNDA:1,(anonymous_18)
FNDA:0,(anonymous_19)
FNDA:0,(anonymous_20)
FNDA:1,(anonymous_21)
DA:1,1
DA:2,1
DA:4,1
DA:5,1
DA:9,1
DA:21,0
DA:22,0
DA:23,0
DA:24,0
DA:32,1
DA:36,2
DA:39,3
DA:40,0
DA:41,0
DA:43,3
DA:48,2
DA:49,0
DA:51,2
DA:52,2
DA:57,1
DA:68,1
DA:69,1
DA:70,0
DA:76,2
DA:77,2
DA:78,2
DA:81,2
DA:82,2
DA:86,2
DA:89,2
DA:90,0
DA:93,1
DA:97,2
DA:98,1
DA:102,2
DA:103,0
DA:107,1
DA:108,1
DA:109,1
DA:110,1
DA:111,1
DA:116,1
DA:117,0
DA:118,0
DA:121,1
DA:122,0
DA:123,0
DA:126,1
DA:127,1
DA:128,0
DA:129,0
DA:133,1
DA:134,0
DA:135,0
DA:136,0
DA:140,1
DA:147,1
DA:151,1
DA:155,0
DA:160,1
DA:161,1
DA:162,1
DA:163,1
DA:166,1
DA:167,1
DA:168,1
DA:175,0
DA:177,0
DA:178,0
DA:181,0
DA:183,0
DA:184,0
DA:187,0
DA:188,0
DA:191,0
DA:192,0
DA:193,0
DA:203,0
DA:209,1
DA:210,0
DA:211,0
DA:214,0
DA:215,0
DA:219,0
DA:220,0
DA:225,1
DA:260,1
LF:87
LH:49
BRDA:39,0,0,0
BRDA:39,0,1,3
BRDA:69,1,0,1
BRDA:69,1,1,0
BRDA:97,2,0,1
BRDA:97,2,1,1
BRDA:102,3,0,2
BRDA:102,3,1,0
BRDA:108,4,0,0
BRDA:108,4,1,1
BRDA:109,5,0,0
BRDA:109,5,1,1
BRDA:110,6,0,0
BRDA:110,6,1,1
BRDA:116,7,0,0
BRDA:116,7,1,1
BRDA:121,8,0,0
BRDA:121,8,1,1
BRDA:121,9,0,1
BRDA:121,9,1,0
BRDA:126,10,0,1
BRDA:126,10,1,0
BRDA:127,11,0,0
BRDA:127,11,1,1
BRDA:133,12,0,0
BRDA:133,12,1,1
BRDA:134,13,0,0
BRDA:134,13,1,0
BRDA:191,14,0,0
BRDA:191,14,1,0
BRDA:214,15,0,0
BRDA:214,15,1,0
BRDA:219,16,0,0
BRDA:219,16,1,0
BRF:34
BRH:14
end_of_record
